<?xml version="1.0" encoding="UTF-8" ?>
<testsuite errors="0" failures="0" hostname="Haotians-MBP" name="expressivo.grader.ExpressivoTest" skipped="0" tests="152" time="1.742" timestamp="2021-08-13T08:09:57">
  <properties>
    <property name="java.vendor" value="Amazon.com Inc." />
    <property name="sun.java.launcher" value="SUN_STANDARD" />
    <property name="sun.management.compiler" value="HotSpot 64-Bit Tiered Compilers" />
    <property name="build.sysclasspath" value="ignore" />
    <property name="os.name" value="Mac OS X" />
    <property name="sun.boot.class.path" value="/Users/tian/Library/Java/JavaVirtualMachines/corretto-1.8.0_302/Contents/Home/jre/lib/resources.jar:/Users/tian/Library/Java/JavaVirtualMachines/corretto-1.8.0_302/Contents/Home/jre/lib/rt.jar:/Users/tian/Library/Java/JavaVirtualMachines/corretto-1.8.0_302/Contents/Home/jre/lib/sunrsasign.jar:/Users/tian/Library/Java/JavaVirtualMachines/corretto-1.8.0_302/Contents/Home/jre/lib/jsse.jar:/Users/tian/Library/Java/JavaVirtualMachines/corretto-1.8.0_302/Contents/Home/jre/lib/jce.jar:/Users/tian/Library/Java/JavaVirtualMachines/corretto-1.8.0_302/Contents/Home/jre/lib/charsets.jar:/Users/tian/Library/Java/JavaVirtualMachines/corretto-1.8.0_302/Contents/Home/jre/lib/jfr.jar:/Users/tian/Library/Java/JavaVirtualMachines/corretto-1.8.0_302/Contents/Home/jre/classes" />
    <property name="final.grading" value="true" />
    <property name="java.vm.specification.vendor" value="Oracle Corporation" />
    <property name="ant.home" value="/Applications/IntelliJ IDEA.app/Contents/lib/ant" />
    <property name="java.runtime.version" value="1.8.0_302-b08" />
    <property name="user.name" value="tian" />
    <property name="ant.build.javac.target" value="1.8" />
    <property name="user.language" value="en" />
    <property name="sun.boot.library.path" value="/Users/tian/Library/Java/JavaVirtualMachines/corretto-1.8.0_302/Contents/Home/jre/lib" />
    <property name="grader.report.file" value="my-grader-report.xml" />
    <property name="ant.project.default-target" value="all" />
    <property name="java.version" value="1.8.0_302" />
    <property name="user.timezone" value="" />
    <property name="sun.arch.data.model" value="64" />
    <property name="java.endorsed.dirs" value="/Users/tian/Library/Java/JavaVirtualMachines/corretto-1.8.0_302/Contents/Home/jre/lib/endorsed" />
    <property name="sun.cpu.isalist" value="" />
    <property name="sun.jnu.encoding" value="UTF-8" />
    <property name="file.encoding.pkg" value="sun.io" />
    <property name="file.separator" value="/" />
    <property name="java.specification.name" value="Java Platform API Specification" />
    <property name="java.class.version" value="52.0" />
    <property name="user.country" value="US" />
    <property name="java.home" value="/Users/tian/Library/Java/JavaVirtualMachines/corretto-1.8.0_302/Contents/Home/jre" />
    <property name="java.vm.info" value="mixed mode" />
    <property name="ant.file" value="/Users/tian/Desktop/mit6.005_sp16/problemSets/ps4/grader.xml" />
    <property name="os.version" value="11.5.1" />
    <property name="final.grader.jar" value="ps1-final-grader.jar" />
    <property name="path.separator" value=":" />
    <property name="java.vm.version" value="25.302-b08" />
    <property name="ant.library.dir" value="/Applications/IntelliJ IDEA.app/Contents/lib/ant/lib" />
    <property name="java.awt.printerjob" value="sun.lwawt.macosx.CPrinterJob" />
    <property name="sun.io.unicode.encoding" value="UnicodeBig" />
    <property name="awt.toolkit" value="sun.lwawt.macosx.LWCToolkit" />
    <property name="user.home" value="/Users/tian" />
    <property name="java.specification.vendor" value="Oracle Corporation" />
    <property name="which.tests.ran" value="BETA + FINAL" />
    <property name="java.library.path" value="/Users/tian/Library/Java/Extensions:/Library/Java/Extensions:/Network/Library/Java/Extensions:/System/Library/Java/Extensions:/usr/lib/java:." />
    <property name="java.vendor.url" value="https://aws.amazon.com/corretto/" />
    <property name="java.vm.vendor" value="Amazon.com Inc." />
    <property name="gopherProxySet" value="false" />
    <property name="java.runtime.name" value="OpenJDK Runtime Environment" />
    <property name="beta.grader.jar" value="ps1-beta-grader.jar" />
    <property name="sun.java.command" value="org.apache.tools.ant.taskdefs.optional.junit.JUnitTestRunner expressivo.grader.ExpressivoTest skipNonTests=false filtertrace=true haltOnError=false haltOnFailure=false showoutput=false outputtoformatters=true logfailedtests=true threadid=0 logtestlistenerevents=false formatter=org.apache.tools.ant.taskdefs.optional.junit.XMLJUnitResultFormatter,/Users/tian/Desktop/mit6.005_sp16/problemSets/ps4/.grader/TEST-expressivo.grader.ExpressivoTest.xml crashfile=/Users/tian/Desktop/mit6.005_sp16/problemSets/ps4/.grader/junitvmwatcher3119537572727043456.properties propsfile=/Users/tian/Desktop/mit6.005_sp16/problemSets/ps4/.grader/junit1911242819400691966.properties" />
    <property name="java.class.path" value="/Users/tian/Desktop/mit6.005_sp16/problemSets/ps4/lib/junit-4.12.jar:/Users/tian/Desktop/mit6.005_sp16/problemSets/ps4/lib/hamcrest-core-1.3.jar:/Users/tian/Desktop/mit6.005_sp16/problemSets/ps4/lib/parserlib.jar:/Users/tian/Desktop/mit6.005_sp16/problemSets/ps4/.grader/bin-tests-final:/Users/tian/Desktop/mit6.005_sp16/problemSets/ps4/.grader/bin-student:/Applications/IntelliJ IDEA.app/Contents/lib/ant/lib/ant-launcher.jar:/Applications/IntelliJ IDEA.app/Contents/lib/ant/lib/ant.jar:/Applications/IntelliJ IDEA.app/Contents/lib/ant/lib/ant-junit.jar:/Applications/IntelliJ IDEA.app/Contents/lib/ant/lib/ant-junit4.jar" />
    <property name="ant.version" value="Apache Ant(TM) version 1.10.5 compiled on July 10 2018" />
    <property name="project.name" value="ps1-expressivo" />
    <property name="java.vm.specification.name" value="Java Virtual Machine Specification" />
    <property name="ant.file.type" value="file" />
    <property name="java.vm.specification.version" value="1.8" />
    <property name="sun.cpu.endian" value="little" />
    <property name="didit.desc" value="Running our tests against your implementation" />
    <property name="sun.os.patch.level" value="unknown" />
    <property name="java.io.tmpdir" value="/var/folders/cl/q7f35lm10fgg9zlqg6ltn72w0000gn/T/" />
    <property name="java.vendor.url.bug" value="https://github.com/corretto/corretto-8/issues/" />
    <property name="os.arch" value="x86_64" />
    <property name="java.awt.graphicsenv" value="sun.awt.CGraphicsEnvironment" />
    <property name="java.ext.dirs" value="/Users/tian/Library/Java/Extensions:/Users/tian/Library/Java/JavaVirtualMachines/corretto-1.8.0_302/Contents/Home/jre/lib/ext:/Library/Java/Extensions:/Network/Library/Java/Extensions:/System/Library/Java/Extensions:/usr/lib/java" />
    <property name="user.dir" value="/Users/tian/Desktop/mit6.005_sp16/problemSets/ps4" />
    <property name="line.separator" value="&#xa;" />
    <property name="zipfile" value="my-submission.zip" />
    <property name="java.vm.name" value="OpenJDK 64-Bit Server VM" />
    <property name="problem.set" value="ps1" />
    <property name="basedir" value="/Users/tian/Desktop/mit6.005_sp16/problemSets/ps4" />
    <property name="ant.java.version" value="1.8" />
    <property name="ant.core.lib" value="/Applications/IntelliJ IDEA.app/Contents/lib/ant/lib/ant.jar" />
    <property name="file.encoding" value="UTF-8" />
    <property name="java.specification.version" value="1.8" />
    <property name="grader.dir" value=".grader" />
    <property name="ant.project.invoked-targets" value="all" />
  </properties>
  <testcase classname="expressivo.grader.ExpressivoTest" name="testDifferentiate_dx[zero]" time="0.038" />
  <testcase classname="expressivo.grader.ExpressivoTest" name="testDifferentiate_dy[zero]" time="0.007" />
  <testcase classname="expressivo.grader.ExpressivoTest" name="testParse[zero]" time="0.005" />
  <testcase classname="expressivo.grader.ExpressivoTest" name="testSimplify_xyz[zero]" time="0.01" />
  <testcase classname="expressivo.grader.ExpressivoTest" name="testDifferentiate_dx[nonzero integer]" time="0.004" />
  <testcase classname="expressivo.grader.ExpressivoTest" name="testDifferentiate_dy[nonzero integer]" time="0.005" />
  <testcase classname="expressivo.grader.ExpressivoTest" name="testParse[nonzero integer]" time="0.006" />
  <testcase classname="expressivo.grader.ExpressivoTest" name="testSimplify_xyz[nonzero integer]" time="0.011" />
  <testcase classname="expressivo.grader.ExpressivoTest" name="testDifferentiate_dx[decimal-fraction &lt; 1]" time="0.003" />
  <testcase classname="expressivo.grader.ExpressivoTest" name="testDifferentiate_dy[decimal-fraction &lt; 1]" time="0.003" />
  <testcase classname="expressivo.grader.ExpressivoTest" name="testParse[decimal-fraction &lt; 1]" time="0.006" />
  <testcase classname="expressivo.grader.ExpressivoTest" name="testSimplify_xyz[decimal-fraction &lt; 1]" time="0.017" />
  <testcase classname="expressivo.grader.ExpressivoTest" name="testDifferentiate_dx[decimal-fraction &gt; 1]" time="0.006" />
  <testcase classname="expressivo.grader.ExpressivoTest" name="testDifferentiate_dy[decimal-fraction &gt; 1]" time="0.003" />
  <testcase classname="expressivo.grader.ExpressivoTest" name="testParse[decimal-fraction &gt; 1]" time="0.005" />
  <testcase classname="expressivo.grader.ExpressivoTest" name="testSimplify_xyz[decimal-fraction &gt; 1]" time="0.003" />
  <testcase classname="expressivo.grader.ExpressivoTest" name="testDifferentiate_dx[trailing zeros]" time="0.004" />
  <testcase classname="expressivo.grader.ExpressivoTest" name="testDifferentiate_dy[trailing zeros]" time="0.002" />
  <testcase classname="expressivo.grader.ExpressivoTest" name="testParse[trailing zeros]" time="0.01" />
  <testcase classname="expressivo.grader.ExpressivoTest" name="testSimplify_xyz[trailing zeros]" time="0.003" />
  <testcase classname="expressivo.grader.ExpressivoTest" name="testDifferentiate_dx[no leading zero]" time="0.019" />
  <testcase classname="expressivo.grader.ExpressivoTest" name="testDifferentiate_dy[no leading zero]" time="0.003" />
  <testcase classname="expressivo.grader.ExpressivoTest" name="testParse[no leading zero]" time="0.008" />
  <testcase classname="expressivo.grader.ExpressivoTest" name="testSimplify_xyz[no leading zero]" time="0.004" />
  <testcase classname="expressivo.grader.ExpressivoTest" name="testDifferentiate_dx[decimal-fraction very small]" time="0.007" />
  <testcase classname="expressivo.grader.ExpressivoTest" name="testDifferentiate_dy[decimal-fraction very small]" time="0.004" />
  <testcase classname="expressivo.grader.ExpressivoTest" name="testParse[decimal-fraction very small]" time="0.015" />
  <testcase classname="expressivo.grader.ExpressivoTest" name="testSimplify_xyz[decimal-fraction very small]" time="0.021" />
  <testcase classname="expressivo.grader.ExpressivoTest" name="testDifferentiate_dx[integer very large]" time="0.033" />
  <testcase classname="expressivo.grader.ExpressivoTest" name="testDifferentiate_dy[integer very large]" time="0.012" />
  <testcase classname="expressivo.grader.ExpressivoTest" name="testParse[integer very large]" time="0.025" />
  <testcase classname="expressivo.grader.ExpressivoTest" name="testSimplify_xyz[integer very large]" time="0.02" />
  <testcase classname="expressivo.grader.ExpressivoTest" name="testDifferentiate_dx[x]" time="0.019" />
  <testcase classname="expressivo.grader.ExpressivoTest" name="testDifferentiate_dy[x]" time="0.003" />
  <testcase classname="expressivo.grader.ExpressivoTest" name="testParse[x]" time="0.002" />
  <testcase classname="expressivo.grader.ExpressivoTest" name="testSimplify_xyz[x]" time="0.004" />
  <testcase classname="expressivo.grader.ExpressivoTest" name="testDifferentiate_dx[y]" time="0.002" />
  <testcase classname="expressivo.grader.ExpressivoTest" name="testDifferentiate_dy[y]" time="0.002" />
  <testcase classname="expressivo.grader.ExpressivoTest" name="testParse[y]" time="0.002" />
  <testcase classname="expressivo.grader.ExpressivoTest" name="testSimplify_xyz[y]" time="0.002" />
  <testcase classname="expressivo.grader.ExpressivoTest" name="testDifferentiate_dx[other variable]" time="0.002" />
  <testcase classname="expressivo.grader.ExpressivoTest" name="testDifferentiate_dy[other variable]" time="0.003" />
  <testcase classname="expressivo.grader.ExpressivoTest" name="testParse[other variable]" time="0.007" />
  <testcase classname="expressivo.grader.ExpressivoTest" name="testSimplify_xyz[other variable]" time="0.005" />
  <testcase classname="expressivo.grader.ExpressivoTest" name="testDifferentiate_dx[variable with parens]" time="0.003" />
  <testcase classname="expressivo.grader.ExpressivoTest" name="testDifferentiate_dy[variable with parens]" time="0.002" />
  <testcase classname="expressivo.grader.ExpressivoTest" name="testParse[variable with parens]" time="0.002" />
  <testcase classname="expressivo.grader.ExpressivoTest" name="testSimplify_xyz[variable with parens]" time="0.002" />
  <testcase classname="expressivo.grader.ExpressivoTest" name="testDifferentiate_dx[variable with extra parens]" time="0.004" />
  <testcase classname="expressivo.grader.ExpressivoTest" name="testDifferentiate_dy[variable with extra parens]" time="0.003" />
  <testcase classname="expressivo.grader.ExpressivoTest" name="testParse[variable with extra parens]" time="0.038" />
  <testcase classname="expressivo.grader.ExpressivoTest" name="testSimplify_xyz[variable with extra parens]" time="0.061" />
  <testcase classname="expressivo.grader.ExpressivoTest" name="testDifferentiate_dx[add]" time="0.006" />
  <testcase classname="expressivo.grader.ExpressivoTest" name="testDifferentiate_dy[add]" time="0.008" />
  <testcase classname="expressivo.grader.ExpressivoTest" name="testParse[add]" time="0.003" />
  <testcase classname="expressivo.grader.ExpressivoTest" name="testSimplify_xyz[add]" time="0.01" />
  <testcase classname="expressivo.grader.ExpressivoTest" name="testDifferentiate_dx[add with extra parens]" time="0.024" />
  <testcase classname="expressivo.grader.ExpressivoTest" name="testDifferentiate_dy[add with extra parens]" time="0.029" />
  <testcase classname="expressivo.grader.ExpressivoTest" name="testParse[add with extra parens]" time="0.021" />
  <testcase classname="expressivo.grader.ExpressivoTest" name="testSimplify_xyz[add with extra parens]" time="0.021" />
  <testcase classname="expressivo.grader.ExpressivoTest" name="testDifferentiate_dx[times]" time="0.01" />
  <testcase classname="expressivo.grader.ExpressivoTest" name="testDifferentiate_dy[times]" time="0.003" />
  <testcase classname="expressivo.grader.ExpressivoTest" name="testParse[times]" time="0.002" />
  <testcase classname="expressivo.grader.ExpressivoTest" name="testSimplify_xyz[times]" time="0.003" />
  <testcase classname="expressivo.grader.ExpressivoTest" name="testDifferentiate_dx[times with extra parens]" time="0.007" />
  <testcase classname="expressivo.grader.ExpressivoTest" name="testDifferentiate_dy[times with extra parens]" time="0.015" />
  <testcase classname="expressivo.grader.ExpressivoTest" name="testParse[times with extra parens]" time="0.008" />
  <testcase classname="expressivo.grader.ExpressivoTest" name="testSimplify_xyz[times with extra parens]" time="0.016" />
  <testcase classname="expressivo.grader.ExpressivoTest" name="testDifferentiate_dx[* ( * )]" time="0.002" />
  <testcase classname="expressivo.grader.ExpressivoTest" name="testDifferentiate_dy[* ( * )]" time="0.002" />
  <testcase classname="expressivo.grader.ExpressivoTest" name="testParse[* ( * )]" time="0.002" />
  <testcase classname="expressivo.grader.ExpressivoTest" name="testSimplify_xyz[* ( * )]" time="0.005" />
  <testcase classname="expressivo.grader.ExpressivoTest" name="testDifferentiate_dx[( * ) *]" time="0.006" />
  <testcase classname="expressivo.grader.ExpressivoTest" name="testDifferentiate_dy[( * ) *]" time="0.008" />
  <testcase classname="expressivo.grader.ExpressivoTest" name="testParse[( * ) *]" time="0.004" />
  <testcase classname="expressivo.grader.ExpressivoTest" name="testSimplify_xyz[( * ) *]" time="0.001" />
  <testcase classname="expressivo.grader.ExpressivoTest" name="testDifferentiate_dx[( * ) * ( * )]" time="0.002" />
  <testcase classname="expressivo.grader.ExpressivoTest" name="testDifferentiate_dy[( * ) * ( * )]" time="0.002" />
  <testcase classname="expressivo.grader.ExpressivoTest" name="testParse[( * ) * ( * )]" time="0.003" />
  <testcase classname="expressivo.grader.ExpressivoTest" name="testSimplify_xyz[( * ) * ( * )]" time="0.004" />
  <testcase classname="expressivo.grader.ExpressivoTest" name="testDifferentiate_dx[* * * * *]" time="0.002" />
  <testcase classname="expressivo.grader.ExpressivoTest" name="testDifferentiate_dy[* * * * *]" time="0.001" />
  <testcase classname="expressivo.grader.ExpressivoTest" name="testParse[* * * * *]" time="0.002" />
  <testcase classname="expressivo.grader.ExpressivoTest" name="testSimplify_xyz[* * * * *]" time="0.004" />
  <testcase classname="expressivo.grader.ExpressivoTest" name="testDifferentiate_dx[integers add]" time="0.01" />
  <testcase classname="expressivo.grader.ExpressivoTest" name="testDifferentiate_dy[integers add]" time="0.005" />
  <testcase classname="expressivo.grader.ExpressivoTest" name="testParse[integers add]" time="0.002" />
  <testcase classname="expressivo.grader.ExpressivoTest" name="testSimplify_xyz[integers add]" time="0.011" />
  <testcase classname="expressivo.grader.ExpressivoTest" name="testDifferentiate_dx[integers times]" time="0.003" />
  <testcase classname="expressivo.grader.ExpressivoTest" name="testDifferentiate_dy[integers times]" time="0.001" />
  <testcase classname="expressivo.grader.ExpressivoTest" name="testParse[integers times]" time="0.001" />
  <testcase classname="expressivo.grader.ExpressivoTest" name="testSimplify_xyz[integers times]" time="0.001" />
  <testcase classname="expressivo.grader.ExpressivoTest" name="testDifferentiate_dx[integers with various ops]" time="0.0" />
  <testcase classname="expressivo.grader.ExpressivoTest" name="testDifferentiate_dy[integers with various ops]" time="0.0" />
  <testcase classname="expressivo.grader.ExpressivoTest" name="testParse[integers with various ops]" time="0.003" />
  <testcase classname="expressivo.grader.ExpressivoTest" name="testSimplify_xyz[integers with various ops]" time="0.008" />
  <testcase classname="expressivo.grader.ExpressivoTest" name="testDifferentiate_dx[decimal-fractions add]" time="0.009" />
  <testcase classname="expressivo.grader.ExpressivoTest" name="testDifferentiate_dy[decimal-fractions add]" time="0.002" />
  <testcase classname="expressivo.grader.ExpressivoTest" name="testParse[decimal-fractions add]" time="0.003" />
  <testcase classname="expressivo.grader.ExpressivoTest" name="testSimplify_xyz[decimal-fractions add]" time="0.002" />
  <testcase classname="expressivo.grader.ExpressivoTest" name="testDifferentiate_dx[decimal-fractions times]" time="0.002" />
  <testcase classname="expressivo.grader.ExpressivoTest" name="testDifferentiate_dy[decimal-fractions times]" time="0.002" />
  <testcase classname="expressivo.grader.ExpressivoTest" name="testParse[decimal-fractions times]" time="0.004" />
  <testcase classname="expressivo.grader.ExpressivoTest" name="testSimplify_xyz[decimal-fractions times]" time="0.002" />
  <testcase classname="expressivo.grader.ExpressivoTest" name="testDifferentiate_dx[decimal-fractions with various ops]" time="0.003" />
  <testcase classname="expressivo.grader.ExpressivoTest" name="testDifferentiate_dy[decimal-fractions with various ops]" time="0.003" />
  <testcase classname="expressivo.grader.ExpressivoTest" name="testParse[decimal-fractions with various ops]" time="0.014" />
  <testcase classname="expressivo.grader.ExpressivoTest" name="testSimplify_xyz[decimal-fractions with various ops]" time="0.003" />
  <testcase classname="expressivo.grader.ExpressivoTest" name="testDifferentiate_dx[decimal-fractions integers add]" time="0.004" />
  <testcase classname="expressivo.grader.ExpressivoTest" name="testDifferentiate_dy[decimal-fractions integers add]" time="0.003" />
  <testcase classname="expressivo.grader.ExpressivoTest" name="testParse[decimal-fractions integers add]" time="0.011" />
  <testcase classname="expressivo.grader.ExpressivoTest" name="testSimplify_xyz[decimal-fractions integers add]" time="0.003" />
  <testcase classname="expressivo.grader.ExpressivoTest" name="testDifferentiate_dx[decimal-fractions integers times]" time="0.002" />
  <testcase classname="expressivo.grader.ExpressivoTest" name="testDifferentiate_dy[decimal-fractions integers times]" time="0.002" />
  <testcase classname="expressivo.grader.ExpressivoTest" name="testParse[decimal-fractions integers times]" time="0.005" />
  <testcase classname="expressivo.grader.ExpressivoTest" name="testSimplify_xyz[decimal-fractions integers times]" time="0.009" />
  <testcase classname="expressivo.grader.ExpressivoTest" name="testDifferentiate_dx[decimal-fractions integers with various ops]" time="0.001" />
  <testcase classname="expressivo.grader.ExpressivoTest" name="testDifferentiate_dy[decimal-fractions integers with various ops]" time="0.0" />
  <testcase classname="expressivo.grader.ExpressivoTest" name="testParse[decimal-fractions integers with various ops]" time="0.004" />
  <testcase classname="expressivo.grader.ExpressivoTest" name="testSimplify_xyz[decimal-fractions integers with various ops]" time="0.003" />
  <testcase classname="expressivo.grader.ExpressivoTest" name="testDifferentiate_dx[various variable names]" time="0.003" />
  <testcase classname="expressivo.grader.ExpressivoTest" name="testDifferentiate_dy[various variable names]" time="0.002" />
  <testcase classname="expressivo.grader.ExpressivoTest" name="testParse[various variable names]" time="0.002" />
  <testcase classname="expressivo.grader.ExpressivoTest" name="testSimplify_xyz[various variable names]" time="0.002" />
  <testcase classname="expressivo.grader.ExpressivoTest" name="testDifferentiate_dx[nested left]" time="0.0" />
  <testcase classname="expressivo.grader.ExpressivoTest" name="testDifferentiate_dy[nested left]" time="0.0" />
  <testcase classname="expressivo.grader.ExpressivoTest" name="testParse[nested left]" time="0.182" />
  <testcase classname="expressivo.grader.ExpressivoTest" name="testSimplify_xyz[nested left]" time="0.25" />
  <testcase classname="expressivo.grader.ExpressivoTest" name="testDifferentiate_dx[nested center]" time="0.0" />
  <testcase classname="expressivo.grader.ExpressivoTest" name="testDifferentiate_dy[nested center]" time="0.001" />
  <testcase classname="expressivo.grader.ExpressivoTest" name="testParse[nested center]" time="0.013" />
  <testcase classname="expressivo.grader.ExpressivoTest" name="testSimplify_xyz[nested center]" time="0.023" />
  <testcase classname="expressivo.grader.ExpressivoTest" name="testDifferentiate_dx[nested right]" time="0.0" />
  <testcase classname="expressivo.grader.ExpressivoTest" name="testDifferentiate_dy[nested right]" time="0.0" />
  <testcase classname="expressivo.grader.ExpressivoTest" name="testParse[nested right]" time="0.02" />
  <testcase classname="expressivo.grader.ExpressivoTest" name="testSimplify_xyz[nested right]" time="0.024" />
  <testcase classname="expressivo.grader.ExpressivoTest" name="testDifferentiate_dx[nested balanced]" time="0.0" />
  <testcase classname="expressivo.grader.ExpressivoTest" name="testDifferentiate_dy[nested balanced]" time="0.0" />
  <testcase classname="expressivo.grader.ExpressivoTest" name="testParse[nested balanced]" time="0.006" />
  <testcase classname="expressivo.grader.ExpressivoTest" name="testSimplify_xyz[nested balanced]" time="0.013" />
  <testcase classname="expressivo.grader.ExpressivoTest" name="testDifferentiate_dx[polynomial in x/y/z]" time="0.0" />
  <testcase classname="expressivo.grader.ExpressivoTest" name="testDifferentiate_dy[polynomial in x/y/z]" time="0.0" />
  <testcase classname="expressivo.grader.ExpressivoTest" name="testParse[polynomial in x/y/z]" time="0.003" />
  <testcase classname="expressivo.grader.ExpressivoTest" name="testSimplify_xyz[polynomial in x/y/z]" time="0.002" />
  <testcase classname="expressivo.grader.ExpressivoTest" name="testDifferentiate_dx[polynomial in x/y/z with extra parens]" time="0.0" />
  <testcase classname="expressivo.grader.ExpressivoTest" name="testDifferentiate_dy[polynomial in x/y/z with extra parens]" time="0.0" />
  <testcase classname="expressivo.grader.ExpressivoTest" name="testParse[polynomial in x/y/z with extra parens]" time="0.022" />
  <testcase classname="expressivo.grader.ExpressivoTest" name="testSimplify_xyz[polynomial in x/y/z with extra parens]" time="0.009" />
  <testcase classname="expressivo.grader.ExpressivoTest" name="testDifferentiate_dx[polynomial in x/y/z and various other variables]" time="0.0" />
  <testcase classname="expressivo.grader.ExpressivoTest" name="testDifferentiate_dy[polynomial in x/y/z and various other variables]" time="0.0" />
  <testcase classname="expressivo.grader.ExpressivoTest" name="testParse[polynomial in x/y/z and various other variables]" time="0.011" />
  <testcase classname="expressivo.grader.ExpressivoTest" name="testSimplify_xyz[polynomial in x/y/z and various other variables]" time="0.017" />
  <system-out><![CDATA[]]></system-out>
  <system-err><![CDATA[]]></system-err>
</testsuite>
